2026-07-06 11:07:56,564 - INFO - База данных инициализирована
2026-07-06 11:07:56,571 - INFO - Загружено записей: 3
2026-07-06 11:07:56,573 - INFO - Приложение запущено
2026-07-06 11:22:47,736 - INFO - База данных инициализирована
2026-07-06 11:22:47,796 - INFO - Загружено записей: 3
2026-07-06 11:22:47,809 - INFO - Приложение запущено
2026-07-06 11:23:13,957 - INFO - Экспорт CSV: C:/Users/TAE/Desktop/discount_calculator/history.csv
2026-07-06 11:23:18,541 - INFO - Приложение завершено
2026-07-06 11:55:32,832 - INFO - База данных инициализирована
2026-07-06 11:55:32,835 - INFO - Загружено записей: 3
2026-07-06 11:55:32,837 - INFO - Приложение запущено
2026-07-06 11:55:42,235 - INFO - Загружено записей: 0
2026-07-06 11:55:42,240 - INFO - История очищена
2026-07-06 11:55:43,820 - INFO - Загружено записей: 0
2026-07-06 11:55:53,978 - WARNING - Попытка расчёта с ценой <= 0
2026-07-06 11:56:00,495 - INFO - Приложение завершено
2026-07-06 11:57:39,855 - INFO - База данных инициализирована
2026-07-06 11:57:39,860 - INFO - Загружено записей: 0
2026-07-06 11:57:39,862 - INFO - Приложение запущено
2026-07-06 11:57:49,581 - WARNING - Попытка расчёта с ценой <= 0
2026-07-06 11:57:55,827 - INFO - Приложение завершено
